 gcccore/11.3.0 loaded.
 zlib/1.2.12-gcccore-11.3.0 loaded.
 binutils/2.38-gcccore-11.3.0 loaded.
 gcc/11.3.0 loaded.
2026-06-12 21:32:20,149 INFO fraud_detection.run_experiment: Device: cpu
2026-06-12 21:32:20,150 INFO fraud_detection.run_experiment: Threads: 16
2026-06-12 21:32:20,150 INFO fraud_detection.run_experiment: Threads inter-op: 48
2026-06-12 21:32:20,188 INFO fraud_detection.preprocessing: Reading data/train_transaction.csv (394 columns)
2026-06-12 21:32:44,082 INFO fraud_detection.preprocessing: Prepared 590540 transactions, 391 features (3.5% fraud)
2026-06-12 21:32:44,692 INFO fraud_detection.graph: Edge key card1+card2+card3+card4+card5+card6 -> 2741506 directed edges
2026-06-12 21:32:44,996 INFO fraud_detection.graph: Edge key card1+addr1 -> 2253223 directed edges
2026-06-12 21:32:45,279 INFO fraud_detection.graph: Edge key card1+P_emaildomain -> 2113273 directed edges
/net/afscra/people/plgciszew/fraud-detection-fable/src/fraud_detection/graph.py:86: UserWarning: The given NumPy array is not writable, and PyTorch does not support non-writable tensors. This means writing to this tensor will result in undefined behavior. You may want to copy the array to protect its data or make it writable before converting it to a tensor. This type of warning will be suppressed for the rest of this program. (Triggered internally at /pytorch/torch/csrc/utils/tensor_numpy.cpp:206.)
  y=torch.from_numpy(prepared.labels),
2026-06-12 21:32:45,934 INFO fraud_detection.graph: Global graph: 590540 nodes, 5227570 undirected edges, 3627 isolated nodes
2026-06-12 21:32:45,940 INFO fraud_detection.concepts: month_1: 92194 train / 40567 test nodes (test fraud rate 2.49%)
2026-06-12 21:32:45,941 INFO fraud_detection.concepts: month_2: 60523 train / 26985 test nodes (test fraud rate 4.11%)
2026-06-12 21:32:45,942 INFO fraud_detection.concepts: month_3: 63577 train / 28428 test nodes (test fraud rate 3.90%)
2026-06-12 21:32:45,943 INFO fraud_detection.concepts: month_4: 66381 train / 29492 test nodes (test fraud rate 4.86%)
2026-06-12 21:32:45,944 INFO fraud_detection.concepts: month_5: 57370 train / 25482 test nodes (test fraud rate 3.03%)
2026-06-12 21:32:45,945 INFO fraud_detection.concepts: month_6: 59186 train / 26212 test nodes (test fraud rate 4.14%)
2026-06-12 21:32:45,945 INFO pyclad.scenarios.concept_aware: Starting training on concept month_1
2026-06-12 21:32:45,990 INFO fraud_detection.adapter: [OCGNN] fit on 92194 nodes / 1341973 edges
2026-06-12 21:33:18,666 INFO pyclad.scenarios.concept_aware: Starting evaluation of concept month_1
2026-06-12 21:33:18,891 INFO pyclad.scenarios.concept_aware: Starting evaluation of concept month_2
2026-06-12 21:33:19,026 INFO pyclad.scenarios.concept_aware: Starting evaluation of concept month_3
2026-06-12 21:33:19,170 INFO pyclad.scenarios.concept_aware: Starting evaluation of concept month_4
2026-06-12 21:33:19,319 INFO pyclad.scenarios.concept_aware: Starting evaluation of concept month_5
2026-06-12 21:33:19,442 INFO pyclad.scenarios.concept_aware: Starting evaluation of concept month_6
2026-06-12 21:33:19,571 INFO pyclad.scenarios.concept_aware: Starting training on concept month_2
2026-06-12 21:33:19,596 INFO fraud_detection.adapter: [OCGNN] fit on 80523 nodes / 892233 edges
2026-06-12 21:33:40,946 INFO pyclad.scenarios.concept_aware: Starting evaluation of concept month_1
2026-06-12 21:33:41,169 INFO pyclad.scenarios.concept_aware: Starting evaluation of concept month_2
2026-06-12 21:33:41,305 INFO pyclad.scenarios.concept_aware: Starting evaluation of concept month_3
2026-06-12 21:33:41,450 INFO pyclad.scenarios.concept_aware: Starting evaluation of concept month_4
2026-06-12 21:33:41,600 INFO pyclad.scenarios.concept_aware: Starting evaluation of concept month_5
2026-06-12 21:33:41,723 INFO pyclad.scenarios.concept_aware: Starting evaluation of concept month_6
2026-06-12 21:33:41,854 INFO pyclad.scenarios.concept_aware: Starting training on concept month_3
2026-06-12 21:33:41,879 INFO fraud_detection.adapter: [OCGNN] fit on 83577 nodes / 926303 edges
2026-06-12 21:34:03,671 INFO pyclad.scenarios.concept_aware: Starting evaluation of concept month_1
2026-06-12 21:34:03,894 INFO pyclad.scenarios.concept_aware: Starting evaluation of concept month_2
2026-06-12 21:34:04,031 INFO pyclad.scenarios.concept_aware: Starting evaluation of concept month_3
2026-06-12 21:34:04,176 INFO pyclad.scenarios.concept_aware: Starting evaluation of concept month_4
2026-06-12 21:34:04,326 INFO pyclad.scenarios.concept_aware: Starting evaluation of concept month_5
2026-06-12 21:34:04,449 INFO pyclad.scenarios.concept_aware: Starting evaluation of concept month_6
2026-06-12 21:34:04,579 INFO pyclad.scenarios.concept_aware: Starting training on concept month_4
2026-06-12 21:34:04,604 INFO fraud_detection.adapter: [OCGNN] fit on 86379 nodes / 957254 edges
2026-06-12 21:34:26,966 INFO pyclad.scenarios.concept_aware: Starting evaluation of concept month_1
2026-06-12 21:34:27,189 INFO pyclad.scenarios.concept_aware: Starting evaluation of concept month_2
2026-06-12 21:34:27,325 INFO pyclad.scenarios.concept_aware: Starting evaluation of concept month_3
2026-06-12 21:34:27,471 INFO pyclad.scenarios.concept_aware: Starting evaluation of concept month_4
2026-06-12 21:34:27,620 INFO pyclad.scenarios.concept_aware: Starting evaluation of concept month_5
2026-06-12 21:34:27,743 INFO pyclad.scenarios.concept_aware: Starting evaluation of concept month_6
2026-06-12 21:34:27,873 INFO pyclad.scenarios.concept_aware: Starting training on concept month_5
2026-06-12 21:34:27,897 INFO fraud_detection.adapter: [OCGNN] fit on 77370 nodes / 812964 edges
2026-06-12 21:34:46,145 INFO pyclad.scenarios.concept_aware: Starting evaluation of concept month_1
2026-06-12 21:34:46,370 INFO pyclad.scenarios.concept_aware: Starting evaluation of concept month_2
2026-06-12 21:34:46,507 INFO pyclad.scenarios.concept_aware: Starting evaluation of concept month_3
2026-06-12 21:34:46,653 INFO pyclad.scenarios.concept_aware: Starting evaluation of concept month_4
2026-06-12 21:34:46,802 INFO pyclad.scenarios.concept_aware: Starting evaluation of concept month_5
2026-06-12 21:34:46,926 INFO pyclad.scenarios.concept_aware: Starting evaluation of concept month_6
2026-06-12 21:34:47,056 INFO pyclad.scenarios.concept_aware: Starting training on concept month_6
2026-06-12 21:34:47,080 INFO fraud_detection.adapter: [OCGNN] fit on 79186 nodes / 828502 edges
2026-06-12 21:35:05,058 INFO pyclad.scenarios.concept_aware: Starting evaluation of concept month_1
2026-06-12 21:35:05,309 INFO pyclad.scenarios.concept_aware: Starting evaluation of concept month_2
2026-06-12 21:35:05,447 INFO pyclad.scenarios.concept_aware: Starting evaluation of concept month_3
2026-06-12 21:35:05,593 INFO pyclad.scenarios.concept_aware: Starting evaluation of concept month_4
2026-06-12 21:35:05,745 INFO pyclad.scenarios.concept_aware: Starting evaluation of concept month_5
2026-06-12 21:35:05,870 INFO pyclad.scenarios.concept_aware: Starting evaluation of concept month_6
2026-06-12 21:35:06,004 INFO fraud_detection.run_experiment: Continual results written to outputs/continual_ocgnn_replay.json
{
  "metric_matrix": {
    "month_1": {
      "month_1": 0.6644162043389837,
      "month_2": 0.7039036949993472,
      "month_3": 0.6985369448070997,
      "month_4": 0.7117272171720802,
      "month_5": 0.6790698660694017,
      "month_6": 0.7176561621142151
    },
    "month_2": {
      "month_1": 0.6292307646528293,
      "month_2": 0.6835684031857945,
      "month_3": 0.6759881052745638,
      "month_4": 0.7120109863081983,
      "month_5": 0.6629771678108665,
      "month_6": 0.6974322526803767
    },
    "month_3": {
      "month_1": 0.6012638031906887,
      "month_2": 0.655164277320799,
      "month_3": 0.6561021170404512,
      "month_4": 0.6710046250081895,
      "month_5": 0.6237328156813121,
      "month_6": 0.6582806082757269
    },
    "month_4": {
      "month_1": 0.6490730216181013,
      "month_2": 0.6844810027418723,
      "month_3": 0.705527928786253,
      "month_4": 0.7341011615409523,
      "month_5": 0.6646904887162263,
      "month_6": 0.7073301939440688
    },
    "month_5": {
      "month_1": 0.6934575169145067,
      "month_2": 0.7087969186577883,
      "month_3": 0.7197890293407192,
      "month_4": 0.7561263811672037,
      "month_5": 0.7020865222726994,
      "month_6": 0.7403284133052288
    },
    "month_6": {
      "month_1": 0.6378526170662504,
      "month_2": 0.6956939548243897,
      "month_3": 0.7066914189892753,
      "month_4": 0.7473856455739769,
      "month_5": 0.6967929813389867,
      "month_6": 0.7293784629335552
    }
  },
  "summary": {
    "ContinualAverage": 0.688427625404575,
    "BackwardTransfer": 0.0029428139609331957,
    "ForwardTransfer": 0.6883113028111267
  },
  "order": [
    "month_1",
    "month_2",
    "month_3",
    "month_4",
    "month_5",
    "month_6"
  ]
}
