 gcc/11.3.0 unloaded.
 gcc/11.3.0 loaded.
2026-06-11 21:33:21,255 INFO fraud_detection.run_experiment: Device: cpu
2026-06-11 21:33:21,273 INFO fraud_detection.preprocessing: Reading data/train_transaction.csv (55 columns)
2026-06-11 21:33:30,518 INFO fraud_detection.preprocessing: Prepared 590540 transactions, 52 features (3.5% fraud)
2026-06-11 21:33:31,102 INFO fraud_detection.graph: Edge key card1+card2+card3+card4+card5+card6 -> 2741506 directed edges
2026-06-11 21:33:31,422 INFO fraud_detection.graph: Edge key card1+addr1 -> 2253223 directed edges
2026-06-11 21:33:31,715 INFO fraud_detection.graph: Edge key card1+P_emaildomain -> 2113273 directed edges
/net/afscra/people/plgciszew/fraud-detection-fable/src/fraud_detection/graph.py:86: UserWarning: The given NumPy array is not writable, and PyTorch does not support non-writable tensors. This means writing to this tensor will result in undefined behavior. You may want to copy the array to protect its data or make it writable before converting it to a tensor. This type of warning will be suppressed for the rest of this program. (Triggered internally at /pytorch/torch/csrc/utils/tensor_numpy.cpp:206.)
  y=torch.from_numpy(prepared.labels),
2026-06-11 21:33:32,318 INFO fraud_detection.graph: Global graph: 590540 nodes, 5227570 undirected edges, 3627 isolated nodes
2026-06-11 21:33:32,325 INFO fraud_detection.concepts: month_1: 92194 train / 40567 test nodes (test fraud rate 2.49%)
2026-06-11 21:33:32,326 INFO fraud_detection.concepts: month_2: 60523 train / 26985 test nodes (test fraud rate 4.11%)
2026-06-11 21:33:32,327 INFO fraud_detection.concepts: month_3: 63577 train / 28428 test nodes (test fraud rate 3.90%)
2026-06-11 21:33:32,328 INFO fraud_detection.concepts: month_4: 66381 train / 29492 test nodes (test fraud rate 4.86%)
2026-06-11 21:33:32,329 INFO fraud_detection.concepts: month_5: 57370 train / 25482 test nodes (test fraud rate 3.03%)
2026-06-11 21:33:32,330 INFO fraud_detection.concepts: month_6: 59186 train / 26212 test nodes (test fraud rate 4.14%)
2026-06-11 21:33:32,330 INFO pyclad.scenarios.concept_aware: Starting training on concept month_1
2026-06-11 21:33:32,349 INFO fraud_detection.adapter: [DOMINANT] fit on 92194 nodes / 1341973 edges
2026-06-11 22:11:20,191 INFO pyclad.scenarios.concept_aware: Starting evaluation of concept month_1
2026-06-11 22:11:28,972 INFO pyclad.scenarios.concept_aware: Starting evaluation of concept month_2
2026-06-11 22:11:30,604 INFO pyclad.scenarios.concept_aware: Starting evaluation of concept month_3
2026-06-11 22:11:32,331 INFO pyclad.scenarios.concept_aware: Starting evaluation of concept month_4
2026-06-11 22:11:34,208 INFO pyclad.scenarios.concept_aware: Starting evaluation of concept month_5
2026-06-11 22:11:35,550 INFO pyclad.scenarios.concept_aware: Starting evaluation of concept month_6
2026-06-11 22:11:36,995 INFO pyclad.scenarios.concept_aware: Starting training on concept month_2
2026-06-11 22:11:37,013 INFO fraud_detection.adapter: [DOMINANT] fit on 80523 nodes / 892558 edges
2026-06-11 22:33:57,008 INFO pyclad.scenarios.concept_aware: Starting evaluation of concept month_1
2026-06-11 22:34:05,770 INFO pyclad.scenarios.concept_aware: Starting evaluation of concept month_2
2026-06-11 22:34:07,297 INFO pyclad.scenarios.concept_aware: Starting evaluation of concept month_3
2026-06-11 22:34:09,387 INFO pyclad.scenarios.concept_aware: Starting evaluation of concept month_4
2026-06-11 22:34:11,240 INFO pyclad.scenarios.concept_aware: Starting evaluation of concept month_5
2026-06-11 22:34:12,807 INFO pyclad.scenarios.concept_aware: Starting evaluation of concept month_6
2026-06-11 22:34:14,554 INFO pyclad.scenarios.concept_aware: Starting training on concept month_3
2026-06-11 22:34:14,572 INFO fraud_detection.adapter: [DOMINANT] fit on 83577 nodes / 926037 edges
2026-06-11 22:57:29,469 INFO pyclad.scenarios.concept_aware: Starting evaluation of concept month_1
2026-06-11 22:57:38,236 INFO pyclad.scenarios.concept_aware: Starting evaluation of concept month_2
2026-06-11 22:57:40,016 INFO pyclad.scenarios.concept_aware: Starting evaluation of concept month_3
2026-06-11 22:57:41,883 INFO pyclad.scenarios.concept_aware: Starting evaluation of concept month_4
2026-06-11 22:57:43,762 INFO pyclad.scenarios.concept_aware: Starting evaluation of concept month_5
2026-06-11 22:57:45,568 INFO pyclad.scenarios.concept_aware: Starting evaluation of concept month_6
2026-06-11 22:57:47,056 INFO pyclad.scenarios.concept_aware: Starting training on concept month_4
2026-06-11 22:57:47,073 INFO fraud_detection.adapter: [DOMINANT] fit on 86379 nodes / 957406 edges
slurmstepd: error: Detected 1 oom_kill event in StepId=20412508.batch. Some of the step tasks have been OOM Killed.
