 cuda/12.9.1 unloaded.
 cuda/12.9.1 loaded.
 gcccore/14.3.0 unloaded.
 zlib/1.3.1-gcccore-14.3.0 unloaded.
 binutils/2.44-gcccore-14.3.0 unloaded.
 gcc/14.3.0 unloaded.
 gcccore/11.3.0 loaded.
 zlib/1.2.12-gcccore-11.3.0 loaded.
 binutils/2.38-gcccore-11.3.0 loaded.
 gcc/11.3.0 loaded.

The following have been reloaded with a version change:
  1) binutils/2.44-gcccore-14.3.0 => binutils/2.38-gcccore-11.3.0
  2) gcc/14.3.0 => gcc/11.3.0
  3) gcccore/14.3.0 => gcccore/11.3.0
  4) zlib/1.3.1-gcccore-14.3.0 => zlib/1.2.12-gcccore-11.3.0

2026-06-12 00:10:54,573 INFO fraud_detection.run_experiment: Device: cuda:0
2026-06-12 00:10:54,592 INFO fraud_detection.preprocessing: Reading data/train_transaction.csv (55 columns)
2026-06-12 00:11:03,916 INFO fraud_detection.preprocessing: Prepared 590540 transactions, 52 features (3.5% fraud)
2026-06-12 00:11:04,499 INFO fraud_detection.graph: Edge key card1+card2+card3+card4+card5+card6 -> 2741506 directed edges
2026-06-12 00:11:04,814 INFO fraud_detection.graph: Edge key card1+addr1 -> 2253223 directed edges
2026-06-12 00:11:05,104 INFO fraud_detection.graph: Edge key card1+P_emaildomain -> 2113273 directed edges
/net/afscra/people/plgciszew/fraud-detection-fable-gpu/src/fraud_detection/graph.py:86: UserWarning: The given NumPy array is not writable, and PyTorch does not support non-writable tensors. This means writing to this tensor will result in undefined behavior. You may want to copy the array to protect its data or make it writable before converting it to a tensor. This type of warning will be suppressed for the rest of this program. (Triggered internally at /pytorch/torch/csrc/utils/tensor_numpy.cpp:203.)
  y=torch.from_numpy(prepared.labels),
2026-06-12 00:11:06,367 INFO fraud_detection.graph: Global graph: 590540 nodes, 5227570 undirected edges, 3627 isolated nodes
2026-06-12 00:11:06,374 INFO fraud_detection.concepts: month_1: 92194 train / 40567 test nodes (test fraud rate 2.49%)
2026-06-12 00:11:06,375 INFO fraud_detection.concepts: month_2: 60523 train / 26985 test nodes (test fraud rate 4.11%)
2026-06-12 00:11:06,376 INFO fraud_detection.concepts: month_3: 63577 train / 28428 test nodes (test fraud rate 3.90%)
2026-06-12 00:11:06,377 INFO fraud_detection.concepts: month_4: 66381 train / 29492 test nodes (test fraud rate 4.86%)
2026-06-12 00:11:06,378 INFO fraud_detection.concepts: month_5: 57370 train / 25482 test nodes (test fraud rate 3.03%)
2026-06-12 00:11:06,379 INFO fraud_detection.concepts: month_6: 59186 train / 26212 test nodes (test fraud rate 4.14%)
2026-06-12 00:11:06,379 INFO pyclad.scenarios.concept_aware: Starting training on concept month_1
2026-06-12 00:11:06,401 INFO fraud_detection.adapter: [DOMINANT] fit on 92194 nodes / 1341973 edges
2026-06-12 02:59:59,050 INFO pyclad.scenarios.concept_aware: Starting evaluation of concept month_1
2026-06-12 03:00:21,591 INFO pyclad.scenarios.concept_aware: Starting evaluation of concept month_2
2026-06-12 03:00:23,780 INFO pyclad.scenarios.concept_aware: Starting evaluation of concept month_3
2026-06-12 03:00:26,220 INFO pyclad.scenarios.concept_aware: Starting evaluation of concept month_4
2026-06-12 03:00:28,887 INFO pyclad.scenarios.concept_aware: Starting evaluation of concept month_5
2026-06-12 03:00:30,797 INFO pyclad.scenarios.concept_aware: Starting evaluation of concept month_6
2026-06-12 03:00:32,842 INFO pyclad.scenarios.concept_aware: Starting training on concept month_2
2026-06-12 03:00:32,862 INFO fraud_detection.adapter: [DOMINANT] fit on 60523 nodes / 809422 edges
slurmstepd: error: Detected 1 oom_kill event in StepId=20413797.batch. Some of the step tasks have been OOM Killed.
