 cuda/12.9.1 unloaded.
 cuda/12.9.1 loaded.
 gcccore/14.3.0 unloaded.
 zlib/1.3.1-gcccore-14.3.0 unloaded.
 binutils/2.44-gcccore-14.3.0 unloaded.
 gcc/14.3.0 unloaded.
 gcccore/11.3.0 loaded.
 zlib/1.2.12-gcccore-11.3.0 loaded.
 binutils/2.38-gcccore-11.3.0 loaded.
 gcc/11.3.0 loaded.

The following have been reloaded with a version change:
  1) binutils/2.44-gcccore-14.3.0 => binutils/2.38-gcccore-11.3.0
  2) gcc/14.3.0 => gcc/11.3.0
  3) gcccore/14.3.0 => gcccore/11.3.0
  4) zlib/1.3.1-gcccore-14.3.0 => zlib/1.2.12-gcccore-11.3.0

2026-06-12 00:23:02,142 INFO fraud_detection.run_experiment: Device: cuda:0
2026-06-12 00:23:02,177 INFO fraud_detection.preprocessing: Reading data/train_transaction.csv (55 columns)
2026-06-12 00:23:11,532 INFO fraud_detection.preprocessing: Prepared 590540 transactions, 52 features (3.5% fraud)
2026-06-12 00:23:12,117 INFO fraud_detection.graph: Edge key card1+card2+card3+card4+card5+card6 -> 2741506 directed edges
2026-06-12 00:23:12,433 INFO fraud_detection.graph: Edge key card1+addr1 -> 2253223 directed edges
2026-06-12 00:23:12,729 INFO fraud_detection.graph: Edge key card1+P_emaildomain -> 2113273 directed edges
/net/afscra/people/plgciszew/fraud-detection-fable-gpu/src/fraud_detection/graph.py:86: UserWarning: The given NumPy array is not writable, and PyTorch does not support non-writable tensors. This means writing to this tensor will result in undefined behavior. You may want to copy the array to protect its data or make it writable before converting it to a tensor. This type of warning will be suppressed for the rest of this program. (Triggered internally at /pytorch/torch/csrc/utils/tensor_numpy.cpp:203.)
  y=torch.from_numpy(prepared.labels),
2026-06-12 00:23:13,389 INFO fraud_detection.graph: Global graph: 590540 nodes, 5227570 undirected edges, 3627 isolated nodes
2026-06-12 00:23:13,396 INFO fraud_detection.concepts: month_1: 92194 train / 40567 test nodes (test fraud rate 2.49%)
2026-06-12 00:23:13,397 INFO fraud_detection.concepts: month_2: 60523 train / 26985 test nodes (test fraud rate 4.11%)
2026-06-12 00:23:13,398 INFO fraud_detection.concepts: month_3: 63577 train / 28428 test nodes (test fraud rate 3.90%)
2026-06-12 00:23:13,400 INFO fraud_detection.concepts: month_4: 66381 train / 29492 test nodes (test fraud rate 4.86%)
2026-06-12 00:23:13,401 INFO fraud_detection.concepts: month_5: 57370 train / 25482 test nodes (test fraud rate 3.03%)
2026-06-12 00:23:13,402 INFO fraud_detection.concepts: month_6: 59186 train / 26212 test nodes (test fraud rate 4.14%)
2026-06-12 00:23:13,402 INFO pyclad.scenarios.concept_aware: Starting training on concept month_1
2026-06-12 00:23:13,430 INFO fraud_detection.adapter: [OCGNN] fit on 92194 nodes / 1341973 edges
2026-06-12 00:23:28,969 INFO pyclad.scenarios.concept_aware: Starting evaluation of concept month_1
2026-06-12 00:23:29,044 INFO pyclad.scenarios.concept_aware: Starting evaluation of concept month_2
2026-06-12 00:23:29,086 INFO pyclad.scenarios.concept_aware: Starting evaluation of concept month_3
2026-06-12 00:23:29,131 INFO pyclad.scenarios.concept_aware: Starting evaluation of concept month_4
2026-06-12 00:23:29,176 INFO pyclad.scenarios.concept_aware: Starting evaluation of concept month_5
2026-06-12 00:23:29,217 INFO pyclad.scenarios.concept_aware: Starting evaluation of concept month_6
2026-06-12 00:23:29,258 INFO pyclad.scenarios.concept_aware: Starting training on concept month_2
2026-06-12 00:23:29,280 INFO fraud_detection.adapter: [OCGNN] fit on 152717 nodes / 2236682 edges
2026-06-12 00:23:58,198 INFO pyclad.scenarios.concept_aware: Starting evaluation of concept month_1
2026-06-12 00:23:58,270 INFO pyclad.scenarios.concept_aware: Starting evaluation of concept month_2
2026-06-12 00:23:58,313 INFO pyclad.scenarios.concept_aware: Starting evaluation of concept month_3
2026-06-12 00:23:58,357 INFO pyclad.scenarios.concept_aware: Starting evaluation of concept month_4
2026-06-12 00:23:58,402 INFO pyclad.scenarios.concept_aware: Starting evaluation of concept month_5
2026-06-12 00:23:58,443 INFO pyclad.scenarios.concept_aware: Starting evaluation of concept month_6
2026-06-12 00:23:58,484 INFO pyclad.scenarios.concept_aware: Starting training on concept month_3
2026-06-12 00:23:58,512 INFO fraud_detection.adapter: [OCGNN] fit on 216294 nodes / 3220264 edges
2026-06-12 00:24:44,551 INFO pyclad.scenarios.concept_aware: Starting evaluation of concept month_1
2026-06-12 00:24:44,624 INFO pyclad.scenarios.concept_aware: Starting evaluation of concept month_2
2026-06-12 00:24:44,668 INFO pyclad.scenarios.concept_aware: Starting evaluation of concept month_3
2026-06-12 00:24:44,713 INFO pyclad.scenarios.concept_aware: Starting evaluation of concept month_4
2026-06-12 00:24:44,759 INFO pyclad.scenarios.concept_aware: Starting evaluation of concept month_5
2026-06-12 00:24:44,800 INFO pyclad.scenarios.concept_aware: Starting evaluation of concept month_6
2026-06-12 00:24:44,841 INFO pyclad.scenarios.concept_aware: Starting training on concept month_4
2026-06-12 00:24:44,871 INFO fraud_detection.adapter: [OCGNN] fit on 282675 nodes / 4262698 edges
2026-06-12 00:25:49,620 INFO pyclad.scenarios.concept_aware: Starting evaluation of concept month_1
2026-06-12 00:25:49,692 INFO pyclad.scenarios.concept_aware: Starting evaluation of concept month_2
2026-06-12 00:25:49,734 INFO pyclad.scenarios.concept_aware: Starting evaluation of concept month_3
2026-06-12 00:25:49,779 INFO pyclad.scenarios.concept_aware: Starting evaluation of concept month_4
2026-06-12 00:25:49,824 INFO pyclad.scenarios.concept_aware: Starting evaluation of concept month_5
2026-06-12 00:25:49,865 INFO pyclad.scenarios.concept_aware: Starting evaluation of concept month_6
2026-06-12 00:25:49,906 INFO pyclad.scenarios.concept_aware: Starting training on concept month_5
2026-06-12 00:25:49,940 INFO fraud_detection.adapter: [OCGNN] fit on 340045 nodes / 5165113 edges
2026-06-12 00:27:12,927 INFO pyclad.scenarios.concept_aware: Starting evaluation of concept month_1
2026-06-12 00:27:12,998 INFO pyclad.scenarios.concept_aware: Starting evaluation of concept month_2
2026-06-12 00:27:13,043 INFO pyclad.scenarios.concept_aware: Starting evaluation of concept month_3
2026-06-12 00:27:13,088 INFO pyclad.scenarios.concept_aware: Starting evaluation of concept month_4
2026-06-12 00:27:13,133 INFO pyclad.scenarios.concept_aware: Starting evaluation of concept month_5
2026-06-12 00:27:13,174 INFO pyclad.scenarios.concept_aware: Starting evaluation of concept month_6
2026-06-12 00:27:13,216 INFO pyclad.scenarios.concept_aware: Starting training on concept month_6
2026-06-12 00:27:13,254 INFO fraud_detection.adapter: [OCGNN] fit on 399231 nodes / 6090180 edges
2026-06-12 00:28:53,073 INFO pyclad.scenarios.concept_aware: Starting evaluation of concept month_1
2026-06-12 00:28:53,145 INFO pyclad.scenarios.concept_aware: Starting evaluation of concept month_2
2026-06-12 00:28:53,188 INFO pyclad.scenarios.concept_aware: Starting evaluation of concept month_3
2026-06-12 00:28:53,233 INFO pyclad.scenarios.concept_aware: Starting evaluation of concept month_4
2026-06-12 00:28:53,279 INFO pyclad.scenarios.concept_aware: Starting evaluation of concept month_5
2026-06-12 00:28:53,320 INFO pyclad.scenarios.concept_aware: Starting evaluation of concept month_6
2026-06-12 00:28:53,363 INFO fraud_detection.run_experiment: Continual results written to outputs/continual_ocgnn_cumulative.json
{
  "metric_matrix": {
    "month_1": {
      "month_1": 0.4376210081259047,
      "month_2": 0.49483681942812385,
      "month_3": 0.43447451913674545,
      "month_4": 0.3742660650239049,
      "month_5": 0.44419426311349863,
      "month_6": 0.40090073103382157
    },
    "month_2": {
      "month_1": 0.3437309801506914,
      "month_2": 0.44816294555424996,
      "month_3": 0.45031084657832565,
      "month_4": 0.36621257639957394,
      "month_5": 0.47463146082855295,
      "month_6": 0.45156373205013584
    },
    "month_3": {
      "month_1": 0.4167411082001312,
      "month_2": 0.5056952778865822,
      "month_3": 0.4849538132099307,
      "month_4": 0.4819667851798919,
      "month_5": 0.5027661662462686,
      "month_6": 0.5142666778955245
    },
    "month_4": {
      "month_1": 0.5155122702752282,
      "month_2": 0.5164189929059494,
      "month_3": 0.5582644159870185,
      "month_4": 0.5374573892712575,
      "month_5": 0.546530237141879,
      "month_6": 0.5647065676650821
    },
    "month_5": {
      "month_1": 0.499761597050705,
      "month_2": 0.5096798537668102,
      "month_3": 0.5136436524464694,
      "month_4": 0.6027491693088823,
      "month_5": 0.5413387317703942,
      "month_6": 0.5480616367540744
    },
    "month_6": {
      "month_1": 0.51067668379147,
      "month_2": 0.533953118335727,
      "month_3": 0.5482128345164411,
      "month_4": 0.4732590928156092,
      "month_5": 0.5602441001374068,
      "month_6": 0.5316642244634006
    }
  },
  "summary": {
    "ContinualAverage": 0.5042733933319171,
    "BackwardTransfer": 0.011787462777661135,
    "ForwardTransfer": 0.46997927229836023
  },
  "order": [
    "month_1",
    "month_2",
    "month_3",
    "month_4",
    "month_5",
    "month_6"
  ]
}
