 cuda/12.9.1 unloaded.
 cuda/12.9.1 loaded.
 gcccore/14.3.0 unloaded.
 zlib/1.3.1-gcccore-14.3.0 unloaded.
 binutils/2.44-gcccore-14.3.0 unloaded.
 gcc/14.3.0 unloaded.
 gcccore/11.3.0 loaded.
 zlib/1.2.12-gcccore-11.3.0 loaded.
 binutils/2.38-gcccore-11.3.0 loaded.
 gcc/11.3.0 loaded.

The following have been reloaded with a version change:
  1) binutils/2.44-gcccore-14.3.0 => binutils/2.38-gcccore-11.3.0
  2) gcc/14.3.0 => gcc/11.3.0
  3) gcccore/14.3.0 => gcccore/11.3.0
  4) zlib/1.3.1-gcccore-14.3.0 => zlib/1.2.12-gcccore-11.3.0

2026-06-11 23:49:17,565 INFO fraud_detection.run_experiment: Device: cuda:0
2026-06-11 23:49:17,605 INFO fraud_detection.preprocessing: Reading data/train_transaction.csv (55 columns)
2026-06-11 23:49:26,961 INFO fraud_detection.preprocessing: Prepared 590540 transactions, 52 features (3.5% fraud)
2026-06-11 23:49:27,555 INFO fraud_detection.graph: Edge key card1+card2+card3+card4+card5+card6 -> 2741506 directed edges
2026-06-11 23:49:27,874 INFO fraud_detection.graph: Edge key card1+addr1 -> 2253223 directed edges
2026-06-11 23:49:28,163 INFO fraud_detection.graph: Edge key card1+P_emaildomain -> 2113273 directed edges
/net/afscra/people/plgciszew/fraud-detection-fable-gpu/src/fraud_detection/graph.py:86: UserWarning: The given NumPy array is not writable, and PyTorch does not support non-writable tensors. This means writing to this tensor will result in undefined behavior. You may want to copy the array to protect its data or make it writable before converting it to a tensor. This type of warning will be suppressed for the rest of this program. (Triggered internally at /pytorch/torch/csrc/utils/tensor_numpy.cpp:203.)
  y=torch.from_numpy(prepared.labels),
2026-06-11 23:49:28,802 INFO fraud_detection.graph: Global graph: 590540 nodes, 5227570 undirected edges, 3627 isolated nodes
2026-06-11 23:49:28,809 INFO fraud_detection.concepts: month_1: 92194 train / 40567 test nodes (test fraud rate 2.49%)
2026-06-11 23:49:28,810 INFO fraud_detection.concepts: month_2: 60523 train / 26985 test nodes (test fraud rate 4.11%)
2026-06-11 23:49:28,811 INFO fraud_detection.concepts: month_3: 63577 train / 28428 test nodes (test fraud rate 3.90%)
2026-06-11 23:49:28,812 INFO fraud_detection.concepts: month_4: 66381 train / 29492 test nodes (test fraud rate 4.86%)
2026-06-11 23:49:28,813 INFO fraud_detection.concepts: month_5: 57370 train / 25482 test nodes (test fraud rate 3.03%)
2026-06-11 23:49:28,814 INFO fraud_detection.concepts: month_6: 59186 train / 26212 test nodes (test fraud rate 4.14%)
2026-06-11 23:49:28,815 INFO pyclad.scenarios.concept_aware: Starting training on concept month_1
2026-06-11 23:49:28,843 INFO fraud_detection.adapter: [OCGNN] fit on 92194 nodes / 1341973 edges
2026-06-11 23:49:44,312 INFO pyclad.scenarios.concept_aware: Starting evaluation of concept month_1
2026-06-11 23:49:44,386 INFO pyclad.scenarios.concept_aware: Starting evaluation of concept month_2
2026-06-11 23:49:44,429 INFO pyclad.scenarios.concept_aware: Starting evaluation of concept month_3
2026-06-11 23:49:44,473 INFO pyclad.scenarios.concept_aware: Starting evaluation of concept month_4
2026-06-11 23:49:44,519 INFO pyclad.scenarios.concept_aware: Starting evaluation of concept month_5
2026-06-11 23:49:44,560 INFO pyclad.scenarios.concept_aware: Starting evaluation of concept month_6
2026-06-11 23:49:44,603 INFO pyclad.scenarios.concept_aware: Starting training on concept month_2
2026-06-11 23:49:44,619 INFO fraud_detection.adapter: [OCGNN] fit on 60523 nodes / 809422 edges
2026-06-11 23:49:51,764 INFO pyclad.scenarios.concept_aware: Starting evaluation of concept month_1
2026-06-11 23:49:51,835 INFO pyclad.scenarios.concept_aware: Starting evaluation of concept month_2
2026-06-11 23:49:51,877 INFO pyclad.scenarios.concept_aware: Starting evaluation of concept month_3
2026-06-11 23:49:51,921 INFO pyclad.scenarios.concept_aware: Starting evaluation of concept month_4
2026-06-11 23:49:51,967 INFO pyclad.scenarios.concept_aware: Starting evaluation of concept month_5
2026-06-11 23:49:52,008 INFO pyclad.scenarios.concept_aware: Starting evaluation of concept month_6
2026-06-11 23:49:52,050 INFO pyclad.scenarios.concept_aware: Starting training on concept month_3
2026-06-11 23:49:52,066 INFO fraud_detection.adapter: [OCGNN] fit on 63577 nodes / 866422 edges
2026-06-11 23:49:59,627 INFO pyclad.scenarios.concept_aware: Starting evaluation of concept month_1
2026-06-11 23:49:59,698 INFO pyclad.scenarios.concept_aware: Starting evaluation of concept month_2
2026-06-11 23:49:59,741 INFO pyclad.scenarios.concept_aware: Starting evaluation of concept month_3
2026-06-11 23:49:59,785 INFO pyclad.scenarios.concept_aware: Starting evaluation of concept month_4
2026-06-11 23:49:59,829 INFO pyclad.scenarios.concept_aware: Starting evaluation of concept month_5
2026-06-11 23:49:59,870 INFO pyclad.scenarios.concept_aware: Starting evaluation of concept month_6
2026-06-11 23:49:59,911 INFO pyclad.scenarios.concept_aware: Starting training on concept month_4
2026-06-11 23:49:59,925 INFO fraud_detection.adapter: [OCGNN] fit on 66381 nodes / 911765 edges
2026-06-11 23:50:08,560 INFO pyclad.scenarios.concept_aware: Starting evaluation of concept month_1
2026-06-11 23:50:08,631 INFO pyclad.scenarios.concept_aware: Starting evaluation of concept month_2
2026-06-11 23:50:08,673 INFO pyclad.scenarios.concept_aware: Starting evaluation of concept month_3
2026-06-11 23:50:08,717 INFO pyclad.scenarios.concept_aware: Starting evaluation of concept month_4
2026-06-11 23:50:08,762 INFO pyclad.scenarios.concept_aware: Starting evaluation of concept month_5
2026-06-11 23:50:08,803 INFO pyclad.scenarios.concept_aware: Starting evaluation of concept month_6
2026-06-11 23:50:08,844 INFO pyclad.scenarios.concept_aware: Starting training on concept month_5
2026-06-11 23:50:08,858 INFO fraud_detection.adapter: [OCGNN] fit on 57370 nodes / 775940 edges
2026-06-11 23:50:15,776 INFO pyclad.scenarios.concept_aware: Starting evaluation of concept month_1
2026-06-11 23:50:15,847 INFO pyclad.scenarios.concept_aware: Starting evaluation of concept month_2
2026-06-11 23:50:15,891 INFO pyclad.scenarios.concept_aware: Starting evaluation of concept month_3
2026-06-11 23:50:15,936 INFO pyclad.scenarios.concept_aware: Starting evaluation of concept month_4
2026-06-11 23:50:15,981 INFO pyclad.scenarios.concept_aware: Starting evaluation of concept month_5
2026-06-11 23:50:16,022 INFO pyclad.scenarios.concept_aware: Starting evaluation of concept month_6
2026-06-11 23:50:16,063 INFO pyclad.scenarios.concept_aware: Starting training on concept month_6
2026-06-11 23:50:16,077 INFO fraud_detection.adapter: [OCGNN] fit on 59186 nodes / 794915 edges
2026-06-11 23:50:23,134 INFO pyclad.scenarios.concept_aware: Starting evaluation of concept month_1
2026-06-11 23:50:23,206 INFO pyclad.scenarios.concept_aware: Starting evaluation of concept month_2
2026-06-11 23:50:23,249 INFO pyclad.scenarios.concept_aware: Starting evaluation of concept month_3
2026-06-11 23:50:23,293 INFO pyclad.scenarios.concept_aware: Starting evaluation of concept month_4
2026-06-11 23:50:23,339 INFO pyclad.scenarios.concept_aware: Starting evaluation of concept month_5
2026-06-11 23:50:23,381 INFO pyclad.scenarios.concept_aware: Starting evaluation of concept month_6
2026-06-11 23:50:23,424 INFO fraud_detection.run_experiment: Continual results written to outputs/continual_ocgnn_naive.json
2026-06-11 23:50:23,425 INFO fraud_detection.baseline: Static baseline: training PyGOD-OCGNN once on month_1
2026-06-11 23:50:23,440 INFO fraud_detection.adapter: [OCGNN] fit on 92194 nodes / 1341973 edges
2026-06-11 23:50:37,854 INFO fraud_detection.baseline: Static eval month_1: ROC-AUC=0.4133 F1=0.0245
2026-06-11 23:50:37,902 INFO fraud_detection.baseline: Static eval month_2: ROC-AUC=0.5119 F1=0.0629
2026-06-11 23:50:37,953 INFO fraud_detection.baseline: Static eval month_3: ROC-AUC=0.5145 F1=0.0279
2026-06-11 23:50:38,005 INFO fraud_detection.baseline: Static eval month_4: ROC-AUC=0.5324 F1=0.0499
2026-06-11 23:50:38,052 INFO fraud_detection.baseline: Static eval month_5: ROC-AUC=0.5550 F1=0.0481
2026-06-11 23:50:38,100 INFO fraud_detection.baseline: Static eval month_6: ROC-AUC=0.5522 F1=0.0515
2026-06-11 23:50:38,101 INFO fraud_detection.run_experiment: Static baseline results written to outputs/static_ocgnn.json

=== ROC-AUC per monthly concept: continual vs static offline ===
concept     static (frozen)  continual @learn  continual @final
---------------------------------------------------------------
month_1              0.4133            0.5432            0.4952
month_2              0.5119            0.4850            0.5237
month_3              0.5145            0.5966            0.5417
month_4              0.5324            0.5728            0.5635
month_5              0.5550            0.6174            0.5339
month_6              0.5522            0.5539            0.5539

Continual summary metrics:
  ContinualAverage: 0.5516
  BackwardTransfer: -0.0105
  ForwardTransfer: 0.5527
Static average ROC-AUC: 0.5132

(@learn = evaluated right after that concept was learned; @final = evaluated after the whole stream — the gap shows forgetting/adaptation. Static column never updates after month 1.)
