 cuda/12.9.1 unloaded.
 cuda/12.9.1 loaded.
 gcccore/14.3.0 unloaded.
 zlib/1.3.1-gcccore-14.3.0 unloaded.
 binutils/2.44-gcccore-14.3.0 unloaded.
 gcc/14.3.0 unloaded.
 gcccore/11.3.0 loaded.
 zlib/1.2.12-gcccore-11.3.0 loaded.
 binutils/2.38-gcccore-11.3.0 loaded.
 gcc/11.3.0 loaded.

The following have been reloaded with a version change:
  1) binutils/2.44-gcccore-14.3.0 => binutils/2.38-gcccore-11.3.0
  2) gcc/14.3.0 => gcc/11.3.0
  3) gcccore/14.3.0 => gcccore/11.3.0
  4) zlib/1.3.1-gcccore-14.3.0 => zlib/1.2.12-gcccore-11.3.0

2026-06-12 00:23:02,142 INFO fraud_detection.run_experiment: Device: cuda:0
2026-06-12 00:23:02,178 INFO fraud_detection.preprocessing: Reading data/train_transaction.csv (55 columns)
2026-06-12 00:23:11,511 INFO fraud_detection.preprocessing: Prepared 590540 transactions, 52 features (3.5% fraud)
2026-06-12 00:23:12,116 INFO fraud_detection.graph: Edge key card1+card2+card3+card4+card5+card6 -> 2741506 directed edges
2026-06-12 00:23:12,429 INFO fraud_detection.graph: Edge key card1+addr1 -> 2253223 directed edges
2026-06-12 00:23:12,723 INFO fraud_detection.graph: Edge key card1+P_emaildomain -> 2113273 directed edges
/net/afscra/people/plgciszew/fraud-detection-fable-gpu/src/fraud_detection/graph.py:86: UserWarning: The given NumPy array is not writable, and PyTorch does not support non-writable tensors. This means writing to this tensor will result in undefined behavior. You may want to copy the array to protect its data or make it writable before converting it to a tensor. This type of warning will be suppressed for the rest of this program. (Triggered internally at /pytorch/torch/csrc/utils/tensor_numpy.cpp:203.)
  y=torch.from_numpy(prepared.labels),
2026-06-12 00:23:13,398 INFO fraud_detection.graph: Global graph: 590540 nodes, 5227570 undirected edges, 3627 isolated nodes
2026-06-12 00:23:13,405 INFO fraud_detection.concepts: month_1: 92194 train / 40567 test nodes (test fraud rate 2.49%)
2026-06-12 00:23:13,406 INFO fraud_detection.concepts: month_2: 60523 train / 26985 test nodes (test fraud rate 4.11%)
2026-06-12 00:23:13,407 INFO fraud_detection.concepts: month_3: 63577 train / 28428 test nodes (test fraud rate 3.90%)
2026-06-12 00:23:13,408 INFO fraud_detection.concepts: month_4: 66381 train / 29492 test nodes (test fraud rate 4.86%)
2026-06-12 00:23:13,409 INFO fraud_detection.concepts: month_5: 57370 train / 25482 test nodes (test fraud rate 3.03%)
2026-06-12 00:23:13,410 INFO fraud_detection.concepts: month_6: 59186 train / 26212 test nodes (test fraud rate 4.14%)
2026-06-12 00:23:13,410 INFO pyclad.scenarios.concept_aware: Starting training on concept month_1
2026-06-12 00:23:13,430 INFO fraud_detection.adapter: [DOMINANT] fit on 92194 nodes / 1341973 edges
2026-06-12 03:46:00,950 INFO pyclad.scenarios.concept_aware: Starting evaluation of concept month_1
2026-06-12 03:46:20,759 INFO pyclad.scenarios.concept_aware: Starting evaluation of concept month_2
2026-06-12 03:46:24,919 INFO pyclad.scenarios.concept_aware: Starting evaluation of concept month_3
2026-06-12 03:46:29,599 INFO pyclad.scenarios.concept_aware: Starting evaluation of concept month_4
2026-06-12 03:46:34,644 INFO pyclad.scenarios.concept_aware: Starting evaluation of concept month_5
2026-06-12 03:46:38,283 INFO pyclad.scenarios.concept_aware: Starting evaluation of concept month_6
2026-06-12 03:46:42,123 INFO pyclad.scenarios.concept_aware: Starting training on concept month_2
2026-06-12 03:46:42,142 INFO fraud_detection.adapter: [DOMINANT] fit on 80523 nodes / 891518 edges
2026-06-12 05:59:58,146 INFO pyclad.scenarios.concept_aware: Starting evaluation of concept month_1
2026-06-12 06:00:18,141 INFO pyclad.scenarios.concept_aware: Starting evaluation of concept month_2
2026-06-12 06:00:22,288 INFO pyclad.scenarios.concept_aware: Starting evaluation of concept month_3
2026-06-12 06:00:26,947 INFO pyclad.scenarios.concept_aware: Starting evaluation of concept month_4
2026-06-12 06:00:31,985 INFO pyclad.scenarios.concept_aware: Starting evaluation of concept month_5
2026-06-12 06:00:35,615 INFO pyclad.scenarios.concept_aware: Starting evaluation of concept month_6
2026-06-12 06:00:39,444 INFO pyclad.scenarios.concept_aware: Starting training on concept month_3
2026-06-12 06:00:39,462 INFO fraud_detection.adapter: [DOMINANT] fit on 83577 nodes / 925789 edges
slurmstepd: error: Detected 1 oom_kill event in StepId=20413799.batch. Some of the step tasks have been OOM Killed.
